<?xml version="1.0" encoding="UTF-8"?>
<testng-results ignored="0" total="1" passed="1" failed="0" skipped="0">
  <reporter-output>
  </reporter-output>
  <suite started-at="2023-03-28T10:01:48 IST" name="navigate amazon" finished-at="2023-03-28T10:01:57 IST" duration-ms="8655">
    <groups>
    </groups>
    <test started-at="2023-03-28T10:01:48 IST" name="navigate amazon" finished-at="2023-03-28T10:01:57 IST" duration-ms="8655">
      <class name="amazon.testAmazon">
        <test-method signature="testMin()[pri:0, instance:amazon.testAmazon@333291e3]" started-at="2023-03-28T10:01:48 IST" name="testMin" finished-at="2023-03-28T10:01:57 IST" duration-ms="8631" status="PASS">
          <reporter-output>
          </reporter-output>
        </test-method> <!-- testMin -->
      </class> <!-- amazon.testAmazon -->
    </test> <!-- navigate amazon -->
  </suite> <!-- navigate amazon -->
</testng-results>
